[35m[1mScanning dependencies of target sentry_chassis_controller_gencfg[0m
[35m[1mScanning dependencies of target sentry_chassis_controller[0m
[ 33%] [34m[1mGenerating dynamic reconfigure files from cfg/SentryChassis.cfg: /home/jkkkk/ros_ws/devel/.private/sentry_chassis_controller/include/sentry_chassis_controller/SentryChassisConfig.h /home/jkkkk/ros_ws/devel/.private/sentry_chassis_controller/lib/python3/dist-packages/sentry_chassis_controller/cfg/SentryChassisConfig.py[0m
[ 66%] [32mBuilding CXX object CMakeFiles/sentry_chassis_controller.dir/src/sentry_chassis_controller.cpp.o[0m
Generating reconfiguration files for SentryChassis in sentry_chassis_controller
Wrote header file in /home/jkkkk/ros_ws/devel/.private/sentry_chassis_controller/include/sentry_chassis_controller/SentryChassisConfig.h
[ 66%] Built target sentry_chassis_controller_gencfg
[01m[K/home/jkkkk/ros_ws/src/sentry_chassis_controller/src/sentry_chassis_controller.cpp:391:22:[m[K [01;31m[Kerror: [m[Kexpected constructor, destructor, or type conversion before â€˜[01m[K([m[Kâ€™ token
  391 |     forwardKinematics[01;31m[K([m[Kwheel_angular_velocities, wheel_angles, vx, vy, omega);
      |                      [01;31m[K^[m[K
[01m[K/home/jkkkk/ros_ws/src/sentry_chassis_controller/src/sentry_chassis_controller.cpp:393:5:[m[K [01;31m[Kerror: [m[Kâ€˜[01m[Kodometry_[m[Kâ€™ does not name a type
  393 |     [01;31m[Kodometry_[m[K.vx = vx;
      |     [01;31m[K^~~~~~~~~[m[K
[01m[K/home/jkkkk/ros_ws/src/sentry_chassis_controller/src/sentry_chassis_controller.cpp:394:5:[m[K [01;31m[Kerror: [m[Kâ€˜[01m[Kodometry_[m[Kâ€™ does not name a type
  394 |     [01;31m[Kodometry_[m[K.vy = vy;
      |     [01;31m[K^~~~~~~~~[m[K
[01m[K/home/jkkkk/ros_ws/src/sentry_chassis_controller/src/sentry_chassis_controller.cpp:395:5:[m[K [01;31m[Kerror: [m[Kâ€˜[01m[Kodometry_[m[Kâ€™ does not name a type
  395 |     [01;31m[Kodometry_[m[K.vtheta = omega;
      |     [01;31m[K^~~~~~~~~[m[K
[01m[K/home/jkkkk/ros_ws/src/sentry_chassis_controller/src/sentry_chassis_controller.cpp:397:17:[m[K [01;31m[Kerror: [m[Kâ€˜[01m[Kperiod[m[Kâ€™ was not declared in this scope; did you mean â€˜[01m[Kboost::date_time::period[m[Kâ€™?
  397 |     double dt = [01;31m[Kperiod[m[K.toSec();
      |                 [01;31m[K^~~~~~[m[K
      |                 [32m[Kboost::date_time::period[m[K
In file included from [01m[K/usr/include/boost/date_time/gregorian/gregorian_types.hpp:18[m[K,
                 from [01m[K/usr/include/boost/date_time/posix_time/posix_time_config.hpp:18[m[K,
                 from [01m[K/usr/include/boost/date_time/posix_time/posix_time_system.hpp:13[m[K,
                 from [01m[K/usr/include/boost/date_time/posix_time/ptime.hpp:12[m[K,
                 from [01m[K/usr/include/boost/date_time/posix_time/posix_time_types.hpp:12[m[K,
                 from [01m[K/usr/include/boost/thread/thread_time.hpp:11[m[K,
                 from [01m[K/usr/include/boost/thread/lock_types.hpp:18[m[K,
                 from [01m[K/usr/include/boost/thread/pthread/mutex.hpp:16[m[K,
                 from [01m[K/usr/include/boost/thread/mutex.hpp:16[m[K,
                 from [01m[K/opt/ros/noetic/include/ros/publisher.h:36[m[K,
                 from [01m[K/opt/ros/noetic/include/ros/node_handle.h:32[m[K,
                 from [01m[K/opt/ros/noetic/include/controller_interface/controller_base.h:35[m[K,
                 from [01m[K/opt/ros/noetic/include/controller_interface/controller.h:35[m[K,
                 from [01m[K/home/jkkkk/ros_ws/src/sentry_chassis_controller/include/sentry_chassis_controller/sentry_chassis_controller.h:4[m[K,
                 from [01m[K/home/jkkkk/ros_ws/src/sentry_chassis_controller/src/sentry_chassis_controller.cpp:1[m[K:
[01m[K/usr/include/boost/date_time/period.hpp:52:30:[m[K [01;36m[Knote: [m[Kâ€˜[01m[Kboost::date_time::period[m[Kâ€™ declared here
   52 |   class BOOST_SYMBOL_VISIBLE [01;36m[Kperiod[m[K : private
      |                              [01;36m[K^~~~~~[m[K
[01m[K/home/jkkkk/ros_ws/src/sentry_chassis_controller/src/sentry_chassis_controller.cpp:398:23:[m[K [01;31m[Kerror: [m[Kâ€˜[01m[Kodometry_[m[Kâ€™ was not declared in this scope
  398 |     double delta_x = ([01;31m[Kodometry_[m[K.vx * cos(odometry_.theta) - odometry_.vy * sin(odometry_.theta)) * dt;
      |                       [01;31m[K^~~~~~~~~[m[K
[01m[K/home/jkkkk/ros_ws/src/sentry_chassis_controller/src/sentry_chassis_controller.cpp:398:42:[m[K [01;31m[Kerror: [m[Kâ€˜[01m[Kodometry_[m[Kâ€™ was not declared in this scope
  398 |     double delta_x = (odometry_.vx * cos([01;31m[Kodometry_[m[K.theta) - odometry_.vy * sin(odometry_.theta)) * dt;
      |                                          [01;31m[K^~~~~~~~~[m[K
[01m[K/home/jkkkk/ros_ws/src/sentry_chassis_controller/src/sentry_chassis_controller.cpp:398:61:[m[K [01;31m[Kerror: [m[Kâ€˜[01m[Kodometry_[m[Kâ€™ was not declared in this scope
  398 |     double delta_x = (odometry_.vx * cos(odometry_.theta) - [01;31m[Kodometry_[m[K.vy * sin(odometry_.theta)) * dt;
      |                                                             [01;31m[K^~~~~~~~~[m[K
[01m[K/home/jkkkk/ros_ws/src/sentry_chassis_controller/src/sentry_chassis_controller.cpp:398:80:[m[K [01;31m[Kerror: [m[Kâ€˜[01m[Kodometry_[m[Kâ€™ was not declared in this scope
  398 |     double delta_x = (odometry_.vx * cos(odometry_.theta) - odometry_.vy * sin([01;31m[Kodometry_[m[K.theta)) * dt;
      |                                                                                [01;31m[K^~~~~~~~~[m[K
[01m[K/home/jkkkk/ros_ws/src/sentry_chassis_controller/src/sentry_chassis_controller.cpp:399:23:[m[K [01;31m[Kerror: [m[Kâ€˜[01m[Kodometry_[m[Kâ€™ was not declared in this scope
  399 |     double delta_y = ([01;31m[Kodometry_[m[K.vx * sin(odometry_.theta) + odometry_.vy * cos(odometry_.theta)) * dt;
      |                       [01;31m[K^~~~~~~~~[m[K
[01m[K/home/jkkkk/ros_ws/src/sentry_chassis_controller/src/sentry_chassis_controller.cpp:399:42:[m[K [01;31m[Kerror: [m[Kâ€˜[01m[Kodometry_[m[Kâ€™ was not declared in this scope
  399 |     double delta_y = (odometry_.vx * sin([01;31m[Kodometry_[m[K.theta) + odometry_.vy * cos(odometry_.theta)) * dt;
      |                                          [01;31m[K^~~~~~~~~[m[K
[01m[K/home/jkkkk/ros_ws/src/sentry_chassis_controller/src/sentry_chassis_controller.cpp:399:61:[m[K [01;31m[Kerror: [m[Kâ€˜[01m[Kodometry_[m[Kâ€™ was not declared in this scope
  399 |     double delta_y = (odometry_.vx * sin(odometry_.theta) + [01;31m[Kodometry_[m[K.vy * cos(odometry_.theta)) * dt;
      |                                                             [01;31m[K^~~~~~~~~[m[K
[01m[K/home/jkkkk/ros_ws/src/sentry_chassis_controller/src/sentry_chassis_controller.cpp:399:80:[m[K [01;31m[Kerror: [m[Kâ€˜[01m[Kodometry_[m[Kâ€™ was not declared in this scope
  399 |     double delta_y = (odometry_.vx * sin(odometry_.theta) + odometry_.vy * cos([01;31m[Kodometry_[m[K.theta)) * dt;
      |                                                                                [01;31m[K^~~~~~~~~[m[K
[01m[K/home/jkkkk/ros_ws/src/sentry_chassis_controller/src/sentry_chassis_controller.cpp:400:26:[m[K [01;31m[Kerror: [m[Kâ€˜[01m[Kodometry_[m[Kâ€™ was not declared in this scope
  400 |     double delta_theta = [01;31m[Kodometry_[m[K.vtheta * dt;
      |                          [01;31m[K^~~~~~~~~[m[K
[01m[K/home/jkkkk/ros_ws/src/sentry_chassis_controller/src/sentry_chassis_controller.cpp:402:5:[m[K [01;31m[Kerror: [m[Kâ€˜[01m[Kodometry_[m[Kâ€™ does not name a type
  402 |     [01;31m[Kodometry_[m[K.x += delta_x;
      |     [01;31m[K^~~~~~~~~[m[K
[01m[K/home/jkkkk/ros_ws/src/sentry_chassis_controller/src/sentry_chassis_controller.cpp:403:5:[m[K [01;31m[Kerror: [m[Kâ€˜[01m[Kodometry_[m[Kâ€™ does not name a type
  403 |     [01;31m[Kodometry_[m[K.y += delta_y;
      |     [01;31m[K^~~~~~~~~[m[K
[01m[K/home/jkkkk/ros_ws/src/sentry_chassis_controller/src/sentry_chassis_controller.cpp:404:5:[m[K [01;31m[Kerror: [m[Kâ€˜[01m[Kodometry_[m[Kâ€™ does not name a type
  404 |     [01;31m[Kodometry_[m[K.theta += delta_theta;
      |     [01;31m[K^~~~~~~~~[m[K
[01m[K/home/jkkkk/ros_ws/src/sentry_chassis_controller/src/sentry_chassis_controller.cpp:405:5:[m[K [01;31m[Kerror: [m[Kâ€˜[01m[Kodometry_[m[Kâ€™ does not name a type
  405 |     [01;31m[Kodometry_[m[K.theta = angles::normalize_angle(odometry_.theta);
      |     [01;31m[K^~~~~~~~~[m[K
[01m[K/home/jkkkk/ros_ws/src/sentry_chassis_controller/src/sentry_chassis_controller.cpp:408:6:[m[K [01;31m[Kerror: [m[Kâ€˜[01m[KSentryChassisController[m[Kâ€™ has not been declared
  408 | void [01;31m[KSentryChassisController[m[K::publishOdometry(const ros::Time& time) {
      |      [01;31m[K^~~~~~~~~~~~~~~~~~~~~~~[m[K
[01m[K/home/jkkkk/ros_ws/src/sentry_chassis_controller/src/sentry_chassis_controller.cpp:[m[K In function â€˜[01m[Kvoid publishOdometry(const ros::Time&)[m[Kâ€™:
[01m[K/home/jkkkk/ros_ws/src/sentry_chassis_controller/src/sentry_chassis_controller.cpp:409:9:[m[K [01;31m[Kerror: [m[Kâ€˜[01m[Krealtime_odom_publisher_[m[Kâ€™ was not declared in this scope
  409 |     if ([01;31m[Krealtime_odom_publisher_[m[K->trylock()) {
      |         [01;31m[K^~~~~~~~~~~~~~~~~~~~~~~~[m[K
[01m[K/home/jkkkk/ros_ws/src/sentry_chassis_controller/src/sentry_chassis_controller.cpp:414:63:[m[K [01;31m[Kerror: [m[Kâ€˜[01m[Kodometry_[m[Kâ€™ was not declared in this scope
  414 |         realtime_odom_publisher_->msg_.pose.pose.position.x = [01;31m[Kodometry_[m[K.x;
      |                                                               [01;31m[K^~~~~~~~~[m[K
[01m[K/home/jkkkk/ros_ws/src/sentry_chassis_controller/src/sentry_chassis_controller.cpp:433:42:[m[K [01;31m[Kerror: [m[Kâ€˜[01m[Kodometry_[m[Kâ€™ was not declared in this scope
  433 |     odom_trans.transform.translation.x = [01;31m[Kodometry_[m[K.x;
      |                                          [01;31m[K^~~~~~~~~[m[K
[01m[K/home/jkkkk/ros_ws/src/sentry_chassis_controller/src/sentry_chassis_controller.cpp:440:5:[m[K [01;31m[Kerror: [m[Kâ€˜[01m[Ktf_broadcaster_[m[Kâ€™ was not declared in this scope
  440 |     [01;31m[Ktf_broadcaster_[m[K.sendTransform(odom_trans);
      |     [01;31m[K^~~~~~~~~~~~~~~[m[K
[01m[K/home/jkkkk/ros_ws/src/sentry_chassis_controller/src/sentry_chassis_controller.cpp:[m[K At global scope:
[01m[K/home/jkkkk/ros_ws/src/sentry_chassis_controller/src/sentry_chassis_controller.cpp:443:6:[m[K [01;31m[Kerror: [m[Kâ€˜[01m[KSentryChassisController[m[Kâ€™ has not been declared
  443 | void [01;31m[KSentryChassisController[m[K::cmdVelCallback(const geometry_msgs::Twist::ConstPtr& msg) {
      |      [01;31m[K^~~~~~~~~~~~~~~~~~~~~~~[m[K
[01m[K/home/jkkkk/ros_ws/src/sentry_chassis_controller/src/sentry_chassis_controller.cpp:[m[K In function â€˜[01m[Kvoid cmdVelCallback(const ConstPtr&)[m[Kâ€™:
[01m[K/home/jkkkk/ros_ws/src/sentry_chassis_controller/src/sentry_chassis_controller.cpp:444:5:[m[K [01;31m[Kerror: [m[Kâ€˜[01m[Kcmd_vel_buffer_[m[Kâ€™ was not declared in this scope
  444 |     [01;31m[Kcmd_vel_buffer_[m[K.writeFromNonRT(*msg);
      |     [01;31m[K^~~~~~~~~~~~~~~[m[K
[01m[K/home/jkkkk/ros_ws/src/sentry_chassis_controller/src/sentry_chassis_controller.cpp:[m[K At global scope:
[01m[K/home/jkkkk/ros_ws/src/sentry_chassis_controller/src/sentry_chassis_controller.cpp:447:6:[m[K [01;31m[Kerror: [m[Kâ€˜[01m[KSentryChassisController[m[Kâ€™ has not been declared
  447 | void [01;31m[KSentryChassisController[m[K::reconfigureCallback(SentryChassisConfig &config, uint32_t level) {
      |      [01;31m[K^~~~~~~~~~~~~~~~~~~~~~~[m[K
[01m[K/home/jkkkk/ros_ws/src/sentry_chassis_controller/src/sentry_chassis_controller.cpp:447:51:[m[K [01;31m[Kerror: [m[Kvariable or field â€˜[01m[KreconfigureCallback[m[Kâ€™ declared void
  447 | void SentryChassisController::reconfigureCallback([01;31m[KSentryChassisConfig[m[K &config, uint32_t level) {
      |                                                   [01;31m[K^~~~~~~~~~~~~~~~~~~[m[K
[01m[K/home/jkkkk/ros_ws/src/sentry_chassis_controller/src/sentry_chassis_controller.cpp:447:51:[m[K [01;31m[Kerror: [m[Kâ€˜[01m[KSentryChassisConfig[m[Kâ€™ was not declared in this scope; did you mean â€˜[01m[Ksentry_chassis_controller::SentryChassisConfig[m[Kâ€™?
  447 | void SentryChassisController::reconfigureCallback([01;31m[KSentryChassisConfig[m[K &config, uint32_t level) {
      |                                                   [01;31m[K^~~~~~~~~~~~~~~~~~~[m[K
      |                                                   [32m[Ksentry_chassis_controller::SentryChassisConfig[m[K
In file included from [01m[K/home/jkkkk/ros_ws/src/sentry_chassis_controller/include/sentry_chassis_controller/sentry_chassis_controller.h:15[m[K,
                 from [01m[K/home/jkkkk/ros_ws/src/sentry_chassis_controller/src/sentry_chassis_controller.cpp:1[m[K:
[01m[K/home/jkkkk/ros_ws/devel/.private/sentry_chassis_controller/include/sentry_chassis_controller/SentryChassisConfig.h:32:9:[m[K [01;36m[Knote: [m[Kâ€˜[01m[Ksentry_chassis_controller::SentryChassisConfig[m[Kâ€™ declared here
   32 |   class [01;36m[KSentryChassisConfig[m[K
      |         [01;36m[K^~~~~~~~~~~~~~~~~~~[m[K
[01m[K/home/jkkkk/ros_ws/src/sentry_chassis_controller/src/sentry_chassis_controller.cpp:447:72:[m[K [01;31m[Kerror: [m[Kâ€˜[01m[Kconfig[m[Kâ€™ was not declared in this scope
  447 | void SentryChassisController::reconfigureCallback(SentryChassisConfig &[01;31m[Kconfig[m[K, uint32_t level) {
      |                                                                        [01;31m[K^~~~~~[m[K
[01m[K/home/jkkkk/ros_ws/src/sentry_chassis_controller/src/sentry_chassis_controller.cpp:447:89:[m[K [01;31m[Kerror: [m[Kexpected primary-expression before â€˜[01m[Klevel[m[Kâ€™
  447 | void SentryChassisController::reconfigureCallback(SentryChassisConfig &config, uint32_t [01;31m[Klevel[m[K) {
      |                                                                                         [01;31m[K^~~~~[m[K
[01m[K/home/jkkkk/ros_ws/src/sentry_chassis_controller/src/sentry_chassis_controller.cpp:481:1:[m[K [01;31m[Kerror: [m[Kexpected declaration before â€˜[01m[K}[m[Kâ€™ token
  481 | [01;31m[K}[m[K
      | [01;31m[K^[m[K
make[2]: *** [CMakeFiles/sentry_chassis_controller.dir/build.make:63ï¼šCMakeFiles/sentry_chassis_controller.dir/src/sentry_chassis_controller.cpp.o] é”™è¯¯ 1
make[1]: *** [CMakeFiles/Makefile2:214ï¼šCMakeFiles/sentry_chassis_controller.dir/all] é”™è¯¯ 2
make: *** [Makefile:141ï¼šall] é”™è¯¯ 2
