[01m[K/home/jkkkk/ros_ws/src/sentry_chassis_controller/src/sentry_chassis_controller.cpp:[m[K In member function â€˜[01m[Kvirtual void sentry_chassis_controller::SentryChassisController::update(const ros::Time&, const ros::Duration&)[m[Kâ€™:
[01m[K/home/jkkkk/ros_ws/src/sentry_chassis_controller/src/sentry_chassis_controller.cpp:311:20:[m[K [01;31m[Kerror: [m[Kredeclaration of â€˜[01m[Kdouble angle_error_fl[m[Kâ€™
  311 |             double [01;31m[Kangle_error_fl[m[K = angles::shortest_angular_distance(current_steer_pos_fl, wheel_angles[0]);
      |                    [01;31m[K^~~~~~~~~~~~~~[m[K
[01m[K/home/jkkkk/ros_ws/src/sentry_chassis_controller/src/sentry_chassis_controller.cpp:305:20:[m[K [01;36m[Knote: [m[Kâ€˜[01m[Kdouble angle_error_fl[m[Kâ€™ previously declared here
  305 |             double [01;36m[Kangle_error_fl[m[K = angles::shortest_angular_distance(current_steer_pos_fl, lock_angles[0]);
      |                    [01;36m[K^~~~~~~~~~~~~~[m[K
[01m[K/home/jkkkk/ros_ws/src/sentry_chassis_controller/src/sentry_chassis_controller.cpp:311:93:[m[K [01;31m[Kerror: [m[Kâ€˜[01m[Kwheel_angles[m[Kâ€™ was not declared in this scope
  311 |             double angle_error_fl = angles::shortest_angular_distance(current_steer_pos_fl, [01;31m[Kwheel_angles[m[K[0]);
      |                                                                                             [01;31m[K^~~~~~~~~~~~[m[K
[01m[K/home/jkkkk/ros_ws/src/sentry_chassis_controller/src/sentry_chassis_controller.cpp:316:13:[m[K [01;31m[Kerror: [m[Kâ€˜[01m[Ksteer_torque_fl[m[Kâ€™ was not declared in this scope; did you mean â€˜[01m[Kmax_steer_torque_[m[Kâ€™?
  316 |             [01;31m[Ksteer_torque_fl[m[K = pid_steer_fl_.computeCommand(angle_error_fl, period, true);
      |             [01;31m[K^~~~~~~~~~~~~~~[m[K
      |             [32m[Kmax_steer_torque_[m[K
[01m[K/home/jkkkk/ros_ws/src/sentry_chassis_controller/src/sentry_chassis_controller.cpp:316:88:[m[K [01;31m[Kerror: [m[Kno matching function for call to â€˜[01m[Kcontrol_toolbox::Pid::computeCommand(double&, const ros::Duration&, bool)[m[Kâ€™
  316 |             steer_torque_fl = pid_steer_fl_.computeCommand(angle_error_fl, period, true[01;31m[K)[m[K;
      |                                                                                        [01;31m[K^[m[K
In file included from [01m[K/home/jkkkk/ros_ws/src/sentry_chassis_controller/include/sentry_chassis_controller/sentry_chassis_controller.h:6[m[K,
                 from [01m[K/home/jkkkk/ros_ws/src/sentry_chassis_controller/src/sentry_chassis_controller.cpp:1[m[K:
[01m[K/opt/ros/noetic/include/control_toolbox/pid.h:307:10:[m[K [01;36m[Knote: [m[Kcandidate: â€˜[01m[Kdouble control_toolbox::Pid::computeCommand(double, ros::Duration)[m[Kâ€™
  307 |   double [01;36m[KcomputeCommand[m[K(double error, ros::Duration dt);
      |          [01;36m[K^~~~~~~~~~~~~~[m[K
[01m[K/opt/ros/noetic/include/control_toolbox/pid.h:307:10:[m[K [01;36m[Knote: [m[K  candidate expects 2 arguments, 3 provided
[01m[K/opt/ros/noetic/include/control_toolbox/pid.h:320:10:[m[K [01;36m[Knote: [m[Kcandidate: â€˜[01m[Kdouble control_toolbox::Pid::computeCommand(double, double, ros::Duration)[m[Kâ€™
  320 |   double [01;36m[KcomputeCommand[m[K(double error, double error_dot, ros::Duration dt);
      |          [01;36m[K^~~~~~~~~~~~~~[m[K
[01m[K/opt/ros/noetic/include/control_toolbox/pid.h:320:46:[m[K [01;36m[Knote: [m[K  no known conversion for argument 2 from â€˜[01m[Kconst ros::Duration[m[Kâ€™ to â€˜[01m[Kdouble[m[Kâ€™
  320 |   double computeCommand(double error, [01;36m[Kdouble error_dot[m[K, ros::Duration dt);
      |                                       [01;36m[K~~~~~~~^~~~~~~~~[m[K
[01m[K/home/jkkkk/ros_ws/src/sentry_chassis_controller/src/sentry_chassis_controller.cpp:319:13:[m[K [01;31m[Kerror: [m[Kâ€˜[01m[Ksteer_torque_fl[m[Kâ€™ was not declared in this scope; did you mean â€˜[01m[Kmax_steer_torque_[m[Kâ€™?
  319 |             [01;31m[Ksteer_torque_fl[m[K = pid_steer_fl_.computeCommand(angle_error_fl, period);
      |             [01;31m[K^~~~~~~~~~~~~~~[m[K
      |             [32m[Kmax_steer_torque_[m[K
make[2]: *** [CMakeFiles/sentry_chassis_controller.dir/build.make:63ï¼šCMakeFiles/sentry_chassis_controller.dir/src/sentry_chassis_controller.cpp.o] é”™è¯¯ 1
make[1]: *** [CMakeFiles/Makefile2:214ï¼šCMakeFiles/sentry_chassis_controller.dir/all] é”™è¯¯ 2
make: *** [Makefile:141ï¼šall] é”™è¯¯ 2
