[35m[1mScanning dependencies of target sentry_chassis_controller[0m
[ 33%] Built target sentry_chassis_controller_gencfg
[ 66%] [32mBuilding CXX object CMakeFiles/sentry_chassis_controller.dir/src/sentry_chassis_controller.cpp.o[0m
[01m[K/home/jkkkk/ros_ws/src/sentry_chassis_controller/src/sentry_chassis_controller.cpp:[m[K In member function â€˜[01m[Kvoid sentry_chassis_controller::SentryChassisController::forwardKinematics(double*, double*, double&, double&, double&)[m[Kâ€™:
[01m[K/home/jkkkk/ros_ws/src/sentry_chassis_controller/src/sentry_chassis_controller.cpp:613:5:[m[K [01;31m[Kerror: [m[Kâ€˜[01m[KEigen[m[Kâ€™ has not been declared
  613 |     [01;31m[KEigen[m[K::MatrixXd A(8, 3);
      |     [01;31m[K^~~~~[m[K
[01m[K/home/jkkkk/ros_ws/src/sentry_chassis_controller/src/sentry_chassis_controller.cpp:614:5:[m[K [01;31m[Kerror: [m[Kâ€˜[01m[KEigen[m[Kâ€™ has not been declared
  614 |     [01;31m[KEigen[m[K::VectorXd b(8);
      |     [01;31m[K^~~~~[m[K
[01m[K/home/jkkkk/ros_ws/src/sentry_chassis_controller/src/sentry_chassis_controller.cpp:632:9:[m[K [01;31m[Kerror: [m[Kâ€˜[01m[KA[m[Kâ€™ was not declared in this scope
  632 |         [01;31m[KA[m[K(2*i, 0) = 1.0;
      |         [01;31m[K^[m[K
[01m[K/home/jkkkk/ros_ws/src/sentry_chassis_controller/src/sentry_chassis_controller.cpp:635:9:[m[K [01;31m[Kerror: [m[Kâ€˜[01m[Kb[m[Kâ€™ was not declared in this scope
  635 |         [01;31m[Kb[m[K(2*i) = wheel_vx[i];
      |         [01;31m[K^[m[K
[01m[K/home/jkkkk/ros_ws/src/sentry_chassis_controller/src/sentry_chassis_controller.cpp:645:5:[m[K [01;31m[Kerror: [m[Kâ€˜[01m[KEigen[m[Kâ€™ has not been declared
  645 |     [01;31m[KEigen[m[K::Vector3d x_est = (A.transpose() * A).ldlt().solve(A.transpose() * b);
      |     [01;31m[K^~~~~[m[K
[01m[K/home/jkkkk/ros_ws/src/sentry_chassis_controller/src/sentry_chassis_controller.cpp:647:10:[m[K [01;31m[Kerror: [m[Kâ€˜[01m[Kx_est[m[Kâ€™ was not declared in this scope
  647 |     vx = [01;31m[Kx_est[m[K(0);
      |          [01;31m[K^~~~~[m[K
[01m[K/home/jkkkk/ros_ws/src/sentry_chassis_controller/src/sentry_chassis_controller.cpp:[m[K In member function â€˜[01m[Kvoid sentry_chassis_controller::SentryChassisController::computeOdometry(const ros::Duration&)[m[Kâ€™:
[01m[K/home/jkkkk/ros_ws/src/sentry_chassis_controller/src/sentry_chassis_controller.cpp:731:35:[m[K [01;31m[Kerror: [m[Kno match for â€˜[01m[Koperator-[m[Kâ€™ (operand types are â€˜[01m[Ktime_t(time_t*) throw ()[m[Kâ€™ {aka â€˜[01m[Klong int(long int*)[m[Kâ€™} and â€˜[01m[Kros::Time[m[Kâ€™)
  731 |     if (use_imu_for_yaw_ && ([32m[Ktime[m[K [01;31m[K-[m[K [34m[Klast_imu_time_[m[K).toSec() < 0.1) {
      |                              [32m[K~~~~[m[K [01;31m[K^[m[K [34m[K~~~~~~~~~~~~~~[m[K
      |                              [32m[K|[m[K      [34m[K|[m[K
      |                              [32m[K|[m[K      [34m[Kros::Time[m[K
      |                              [32m[Ktime_t(time_t*) throw () {aka long int(long int*)}[m[K
make[2]: *** [CMakeFiles/sentry_chassis_controller.dir/build.make:63ï¼šCMakeFiles/sentry_chassis_controller.dir/src/sentry_chassis_controller.cpp.o] é”™è¯¯ 1
make[1]: *** [CMakeFiles/Makefile2:214ï¼šCMakeFiles/sentry_chassis_controller.dir/all] é”™è¯¯ 2
make: *** [Makefile:141ï¼šall] é”™è¯¯ 2
