[01m[K/home/jkkkk/ros_ws/src/sentry_chassis_controller/src/sentry_chassis_controller.cpp:[m[K In member function â€˜[01m[Kvoid sentry_chassis_controller::SentryChassisController::computeOdometry(const ros::Duration&)[m[Kâ€™:
[01m[K/home/jkkkk/ros_ws/src/sentry_chassis_controller/src/sentry_chassis_controller.cpp:689:29:[m[K [01;31m[Kerror: [m[Kâ€˜[01m[Kcurrent_steer_pos_fl[m[Kâ€™ was not declared in this scope; did you mean â€˜[01m[Kcurrent_wheel_vel_fl[m[Kâ€™?
  689 |     angles::normalize_angle([01;31m[Kcurrent_steer_pos_fl[m[K),
      |                             [01;31m[K^~~~~~~~~~~~~~~~~~~~[m[K
      |                             [32m[Kcurrent_wheel_vel_fl[m[K
[01m[K/home/jkkkk/ros_ws/src/sentry_chassis_controller/src/sentry_chassis_controller.cpp:690:29:[m[K [01;31m[Kerror: [m[Kâ€˜[01m[Kcurrent_steer_pos_fr[m[Kâ€™ was not declared in this scope; did you mean â€˜[01m[Kcurrent_wheel_vel_fr[m[Kâ€™?
  690 |     angles::normalize_angle([01;31m[Kcurrent_steer_pos_fr[m[K),
      |                             [01;31m[K^~~~~~~~~~~~~~~~~~~~[m[K
      |                             [32m[Kcurrent_wheel_vel_fr[m[K
[01m[K/home/jkkkk/ros_ws/src/sentry_chassis_controller/src/sentry_chassis_controller.cpp:691:29:[m[K [01;31m[Kerror: [m[Kâ€˜[01m[Kcurrent_steer_pos_bl[m[Kâ€™ was not declared in this scope; did you mean â€˜[01m[Kcurrent_wheel_vel_bl[m[Kâ€™?
  691 |     angles::normalize_angle([01;31m[Kcurrent_steer_pos_bl[m[K),
      |                             [01;31m[K^~~~~~~~~~~~~~~~~~~~[m[K
      |                             [32m[Kcurrent_wheel_vel_bl[m[K
[01m[K/home/jkkkk/ros_ws/src/sentry_chassis_controller/src/sentry_chassis_controller.cpp:692:29:[m[K [01;31m[Kerror: [m[Kâ€˜[01m[Kcurrent_steer_pos_br[m[Kâ€™ was not declared in this scope; did you mean â€˜[01m[Kcurrent_wheel_vel_br[m[Kâ€™?
  692 |     angles::normalize_angle([01;31m[Kcurrent_steer_pos_br[m[K)
      |                             [01;31m[K^~~~~~~~~~~~~~~~~~~~[m[K
      |                             [32m[Kcurrent_wheel_vel_br[m[K
make[2]: *** [CMakeFiles/sentry_chassis_controller.dir/build.make:63ï¼šCMakeFiles/sentry_chassis_controller.dir/src/sentry_chassis_controller.cpp.o] é”™è¯¯ 1
make[1]: *** [CMakeFiles/Makefile2:214ï¼šCMakeFiles/sentry_chassis_controller.dir/all] é”™è¯¯ 2
make: *** [Makefile:141ï¼šall] é”™è¯¯ 2
