[01m[K/home/jkkkk/ros_ws/src/sentry_chassis_controller/src/sentry_chassis_controller.cpp:[m[K In member function â€˜[01m[Kvoid sentry_chassis_controller::SentryChassisController::forwardKinematics(double*, double*, double&, double&, double&)[m[Kâ€™:
[01m[K/home/jkkkk/ros_ws/src/sentry_chassis_controller/src/sentry_chassis_controller.cpp:645:2:[m[K [01;31m[Kerror: [m[Kexpected primary-expression before â€˜[01m[K/[m[Kâ€™ token
  645 | *[01;31m[K/[m[K
      |  [01;31m[K^[m[K
[01m[K/home/jkkkk/ros_ws/src/sentry_chassis_controller/src/sentry_chassis_controller.cpp:647:5:[m[K [01;31m[Kerror: [m[Kâ€˜[01m[KEigen[m[Kâ€™ has not been declared
  647 |     [01;31m[KEigen[m[K::Vector3d x_est = (A.transpose() * A).ldlt().solve(A.transpose() * b);
      |     [01;31m[K^~~~~[m[K
[01m[K/home/jkkkk/ros_ws/src/sentry_chassis_controller/src/sentry_chassis_controller.cpp:649:10:[m[K [01;31m[Kerror: [m[Kâ€˜[01m[Kx_est[m[Kâ€™ was not declared in this scope
  649 |     vx = [01;31m[Kx_est[m[K(0);
      |          [01;31m[K^~~~~[m[K
[01m[K/home/jkkkk/ros_ws/src/sentry_chassis_controller/src/sentry_chassis_controller.cpp:652:2:[m[K [01;31m[Kerror: [m[Kexpected primary-expression before â€˜[01m[K/[m[Kâ€™ token
  652 | *[01;31m[K/[m[K
      |  [01;31m[K^[m[K
[01m[K/home/jkkkk/ros_ws/src/sentry_chassis_controller/src/sentry_chassis_controller.cpp:660:5:[m[K [01;31m[Kerror: [m[Kexpected primary-expression before â€˜[01m[Kconst[m[Kâ€™
  660 |     [01;31m[Kconst[m[K double final_thresh = 0.001;
      |     [01;31m[K^~~~~[m[K
[01m[K/home/jkkkk/ros_ws/src/sentry_chassis_controller/src/sentry_chassis_controller.cpp:661:22:[m[K [01;31m[Kerror: [m[Kâ€˜[01m[Kfinal_thresh[m[Kâ€™ was not declared in this scope
  661 |     vx = (fabs(vx) < [01;31m[Kfinal_thresh[m[K) ? 0.0 : vx;
      |                      [01;31m[K^~~~~~~~~~~~[m[K
make[2]: *** [CMakeFiles/sentry_chassis_controller.dir/build.make:63ï¼šCMakeFiles/sentry_chassis_controller.dir/src/sentry_chassis_controller.cpp.o] é”™è¯¯ 1
make[1]: *** [CMakeFiles/Makefile2:214ï¼šCMakeFiles/sentry_chassis_controller.dir/all] é”™è¯¯ 2
make: *** [Makefile:141ï¼šall] é”™è¯¯ 2
