[35m[1mScanning dependencies of target sentry_chassis_controller[0m
[ 33%] [34m[1mGenerating dynamic reconfigure files from cfg/SentryChassis.cfg: /home/jkkkk/ros_ws/devel/.private/sentry_chassis_controller/include/sentry_chassis_controller/SentryChassisConfig.h /home/jkkkk/ros_ws/devel/.private/sentry_chassis_controller/lib/python3/dist-packages/sentry_chassis_controller/cfg/SentryChassisConfig.py[0m
[ 66%] [32mBuilding CXX object CMakeFiles/sentry_chassis_controller.dir/src/sentry_chassis_controller.cpp.o[0m
Generating reconfiguration files for SentryChassis in sentry_chassis_controller
Wrote header file in /home/jkkkk/ros_ws/devel/.private/sentry_chassis_controller/include/sentry_chassis_controller/SentryChassisConfig.h
[ 66%] Built target sentry_chassis_controller_gencfg
[01m[K/home/jkkkk/ros_ws/src/sentry_chassis_controller/src/sentry_chassis_controller.cpp:[m[K In member function â€˜[01m[Kvoid sentry_chassis_controller::SentryChassisController::forwardKinematics(double*, double*, double&, double&, double&)[m[Kâ€™:
[01m[K/home/jkkkk/ros_ws/src/sentry_chassis_controller/src/sentry_chassis_controller.cpp:466:24:[m[K [01;31m[Kerror: [m[Kâ€˜[01m[Kx[m[Kâ€™ was not declared in this scope
  466 |         double denom = [01;31m[Kx[m[K*x + y*y;
      |                        [01;31m[K^[m[K
[01m[K/home/jkkkk/ros_ws/src/sentry_chassis_controller/src/sentry_chassis_controller.cpp:466:30:[m[K [01;31m[Kerror: [m[Kâ€˜[01m[Ky[m[Kâ€™ was not declared in this scope; did you mean â€˜[01m[Kyn[m[Kâ€™?
  466 |         double denom = x*x + [01;31m[Ky[m[K*y;
      |                              [01;31m[K^[m[K
      |                              [32m[Kyn[m[K
make[2]: *** [CMakeFiles/sentry_chassis_controller.dir/build.make:63ï¼šCMakeFiles/sentry_chassis_controller.dir/src/sentry_chassis_controller.cpp.o] é”™è¯¯ 1
make[1]: *** [CMakeFiles/Makefile2:214ï¼šCMakeFiles/sentry_chassis_controller.dir/all] é”™è¯¯ 2
make: *** [Makefile:141ï¼šall] é”™è¯¯ 2
